<?xml version="1.0" encoding="UTF-8"?>
<!-- Generated by org.testng.reporters.JUnitXMLReporter -->
<testsuite ignored="2" hostname="EH-Host" failures="0" tests="4" name="Regression Testing" time="0.159" errors="0" timestamp="2021-12-01T20:41:01 COT">
  <testcase classname="TestNG.CourseT.GroupDemoTest" name="test3" time="0.019"/>
  <testcase classname="TestNG.CourseT.GroupDemoTest" name="test4" time="0.005"/>
  <testcase classname="TestNG.CourseT.GroupDemoTest" name="test1" time="0.004"/>
  <testcase classname="TestNG.CourseT.GroupDemoTest" name="test2" time="0.006"/>
  <testcase classname="TestNG.CourseT.Login" name="logOutTest" time="0.0">
    <ignored/>
  </testcase> <!-- logOutTest -->
  <testcase classname="TestNG.CourseT.Login" name="loginTest" time="0.0">
    <ignored/>
  </testcase> <!-- loginTest -->
</testsuite> <!-- Regression Testing -->
