<?xml version="1.0" encoding="UTF-8"?>
<!-- Generated by org.testng.reporters.JUnitXMLReporter -->
<testsuite ignored="1" hostname="EN911705" failures="0" tests="3" name="Regression Testing" time="0.026" errors="0" timestamp="2022-04-18T12:19:01 COT">
  <testcase classname="TestNG.CourseT.GroupDemoTest" name="test3" time="0.003"/>
  <testcase classname="TestNG.CourseT.GroupDemoTest" name="test1" time="0.001"/>
  <testcase classname="TestNG.CourseT.GroupDemoTest" name="test2" time="0.001"/>
  <testcase classname="TestNG.CourseT.GroupDemoTest" name="test4" time="0.0">
    <ignored/>
  </testcase> <!-- test4 -->
</testsuite> <!-- Regression Testing -->
