<?xml version="1.0" encoding="UTF-8"?>
<!-- Generated by org.testng.reporters.JUnitXMLReporter -->
<testsuite ignored="0" hostname="EH-Host" failures="0" tests="4" name="GRP-userRegistration" time="0.071" errors="0" timestamp="2021-11-29T22:34:20 COT">
  <testcase classname="TestNG.CourseT.GroupDemoTest" name="test3" time="0.01"/>
  <testcase classname="TestNG.CourseT.GroupDemoTest" name="test4" time="0.001"/>
  <testcase classname="TestNG.CourseT.GroupDemoTest" name="test1" time="0.001"/>
  <testcase classname="TestNG.CourseT.GroupDemoTest" name="test2" time="0.001"/>
</testsuite> <!-- GRP-userRegistration -->
