<?xml version="1.0" encoding="UTF-8"?>
<!-- Generated by org.testng.reporters.JUnitXMLReporter -->
<testsuite ignored="1" hostname="EH-Host" failures="0" tests="3" name="GRP-regression" time="0.072" errors="0" timestamp="2021-11-29T22:32:21 COT">
  <testcase classname="TestNG.CourseT.GroupDemoTest" name="test3" time="0.015"/>
  <testcase classname="TestNG.CourseT.GroupDemoTest" name="test1" time="0.002"/>
  <testcase classname="TestNG.CourseT.GroupDemoTest" name="test2" time="0.002"/>
  <testcase classname="TestNG.CourseT.GroupDemoTest" name="test4" time="0.0">
    <ignored/>
  </testcase> <!-- test4 -->
</testsuite> <!-- GRP-regression -->
