<?xml version="1.0" encoding="UTF-8"?>
<!-- Generated by org.testng.reporters.JUnitXMLReporter -->
<testsuite ignored="0" hostname="EH-Host" failures="0" tests="4" name="GRP-bvt,userRegistration" time="0.165" errors="0" timestamp="2021-12-01T21:32:31 COT">
  <testcase classname="TestNG.CourseT.GroupDemoTest" name="test3" time="0.023"/>
  <testcase classname="TestNG.CourseT.GroupDemoTest" name="test4" time="0.005"/>
  <testcase classname="TestNG.CourseT.GroupDemoTest" name="test1" time="0.003"/>
  <testcase classname="TestNG.CourseT.GroupDemoTest" name="test2" time="0.003"/>
</testsuite> <!-- GRP-bvt,userRegistration -->
