<?xml version="1.0" encoding="UTF-8"?>
<!-- Generated by org.testng.reporters.JUnitXMLReporter -->
<testsuite ignored="2" hostname="EH-Host" failures="0" tests="2" name="GRP-bvt" time="0.086" errors="0" timestamp="2021-11-29T22:32:51 COT">
  <testcase classname="TestNG.CourseT.GroupDemoTest" name="test3" time="0.014"/>
  <testcase classname="TestNG.CourseT.GroupDemoTest" name="test4" time="0.001"/>
  <testcase classname="TestNG.CourseT.GroupDemoTest" name="test2" time="0.0">
    <ignored/>
  </testcase> <!-- test2 -->
  <testcase classname="TestNG.CourseT.GroupDemoTest" name="test1" time="0.0">
    <ignored/>
  </testcase> <!-- test1 -->
</testsuite> <!-- GRP-bvt -->
