<?xml version="1.0" encoding="UTF-8"?>
<!-- Generated by org.testng.reporters.JUnitXMLReporter -->
<testsuite ignored="1" hostname="EH-Host" failures="0" tests="5" name="GRP-bvt,regression" time="0.221" errors="0" timestamp="2021-12-01T21:33:16 COT">
  <testcase classname="TestNG.CourseT.GroupDemoTest" name="test3" time="0.023"/>
  <testcase classname="TestNG.CourseT.GroupDemoTest" name="test4" time="0.005"/>
  <testcase classname="TestNG.CourseT.GroupDemoTest" name="test1" time="0.005"/>
  <testcase classname="TestNG.CourseT.GroupDemoTest" name="test2" time="0.005"/>
  <testcase classname="TestNG.CourseT.Login" name="loginTest" time="0.005"/>
  <testcase classname="TestNG.CourseT.Login" name="logOutTest" time="0.0">
    <ignored/>
  </testcase> <!-- logOutTest -->
</testsuite> <!-- GRP-bvt,regression -->
