<?xml version="1.0" encoding="UTF-8"?>
<testng-results ignored="1" total="6" passed="5" failed="0" skipped="0">
  <reporter-output>
  </reporter-output>
  <suite started-at="2022-04-18T12:19:01 COT" name="Ui Regression" finished-at="2022-04-18T12:19:01 COT" duration-ms="87">
    <groups>
      <group name="bvt">
        <method signature="GroupDemoTest.test3()[pri:0, instance:TestNG.CourseT.GroupDemoTest@4f2b503c]" name="test3" class="TestNG.CourseT.GroupDemoTest"/>
        <method signature="Login.logOutTest()[pri:2, instance:TestNG.CourseT.Login@4686afc2]" name="logOutTest" class="TestNG.CourseT.Login"/>
      </group> <!-- bvt -->
      <group name="regression">
        <method signature="GroupDemoTest.test1()[pri:1, instance:TestNG.CourseT.GroupDemoTest@4f2b503c]" name="test1" class="TestNG.CourseT.GroupDemoTest"/>
        <method signature="GroupDemoTest.test2()[pri:2, instance:TestNG.CourseT.GroupDemoTest@4f2b503c]" name="test2" class="TestNG.CourseT.GroupDemoTest"/>
        <method signature="GroupDemoTest.test3()[pri:0, instance:TestNG.CourseT.GroupDemoTest@4f2b503c]" name="test3" class="TestNG.CourseT.GroupDemoTest"/>
        <method signature="Login.loginTest()[pri:1, instance:TestNG.CourseT.Login@4686afc2]" name="loginTest" class="TestNG.CourseT.Login"/>
      </group> <!-- regression -->
      <group name="userRegistration">
        <method signature="GroupDemoTest.test1()[pri:1, instance:TestNG.CourseT.GroupDemoTest@4f2b503c]" name="test1" class="TestNG.CourseT.GroupDemoTest"/>
        <method signature="GroupDemoTest.test2()[pri:2, instance:TestNG.CourseT.GroupDemoTest@4f2b503c]" name="test2" class="TestNG.CourseT.GroupDemoTest"/>
        <method signature="GroupDemoTest.test3()[pri:0, instance:TestNG.CourseT.GroupDemoTest@4f2b503c]" name="test3" class="TestNG.CourseT.GroupDemoTest"/>
      </group> <!-- userRegistration -->
    </groups>
    <test started-at="2022-04-18T12:19:01 COT" name="Regression Testing" finished-at="2022-04-18T12:19:01 COT" duration-ms="26">
      <class name="TestNG.CourseT.GroupDemoTest">
        <test-method is-config="true" signature="testBeforeGroups()[pri:0, instance:TestNG.CourseT.GroupDemoTest@4f2b503c]" started-at="2022-04-18T12:19:01 COT" name="testBeforeGroups" finished-at="2022-04-18T12:19:01 COT" duration-ms="2" status="PASS">
          <reporter-output>
          </reporter-output>
        </test-method> <!-- testBeforeGroups -->
        <test-method signature="test3()[pri:0, instance:TestNG.CourseT.GroupDemoTest@4f2b503c]" started-at="2022-04-18T12:19:01 COT" name="test3" finished-at="2022-04-18T12:19:01 COT" duration-ms="3" status="PASS">
          <reporter-output>
          </reporter-output>
        </test-method> <!-- test3 -->
        <test-method signature="test1()[pri:1, instance:TestNG.CourseT.GroupDemoTest@4f2b503c]" started-at="2022-04-18T12:19:01 COT" name="test1" finished-at="2022-04-18T12:19:01 COT" duration-ms="1" status="PASS">
          <reporter-output>
          </reporter-output>
        </test-method> <!-- test1 -->
        <test-method signature="test2()[pri:2, instance:TestNG.CourseT.GroupDemoTest@4f2b503c]" started-at="2022-04-18T12:19:01 COT" name="test2" finished-at="2022-04-18T12:19:01 COT" duration-ms="1" status="PASS">
          <reporter-output>
          </reporter-output>
        </test-method> <!-- test2 -->
      </class> <!-- TestNG.CourseT.GroupDemoTest -->
    </test> <!-- Regression Testing -->
    <test started-at="2022-04-18T12:19:01 COT" name="Regression Testing without groups tag" finished-at="2022-04-18T12:19:01 COT" duration-ms="3">
      <class name="TestNG.CourseT.Login">
        <test-method is-config="true" signature="beforeLogin()[pri:0, instance:TestNG.CourseT.Login@4686afc2]" started-at="2022-04-18T12:19:01 COT" name="beforeLogin" finished-at="2022-04-18T12:19:01 COT" duration-ms="1" status="PASS">
          <reporter-output>
          </reporter-output>
        </test-method> <!-- beforeLogin -->
        <test-method signature="loginTest()[pri:1, instance:TestNG.CourseT.Login@4686afc2]" started-at="2022-04-18T12:19:01 COT" name="loginTest" description="metodo login" finished-at="2022-04-18T12:19:01 COT" duration-ms="1" status="PASS">
          <reporter-output>
          </reporter-output>
        </test-method> <!-- loginTest -->
        <test-method signature="logOutTest()[pri:2, instance:TestNG.CourseT.Login@4686afc2]" started-at="2022-04-18T12:19:01 COT" name="logOutTest" description="metodo logout" finished-at="2022-04-18T12:19:01 COT" duration-ms="1" status="PASS">
          <reporter-output>
          </reporter-output>
        </test-method> <!-- logOutTest -->
        <test-method is-config="true" signature="afterLogout()[pri:0, instance:TestNG.CourseT.Login@4686afc2]" started-at="2022-04-18T12:19:01 COT" name="afterLogout" finished-at="2022-04-18T12:19:01 COT" duration-ms="0" status="PASS">
          <reporter-output>
          </reporter-output>
        </test-method> <!-- afterLogout -->
      </class> <!-- TestNG.CourseT.Login -->
    </test> <!-- Regression Testing without groups tag -->
  </suite> <!-- Ui Regression -->
</testng-results>
