<?xml version="1.0" encoding="UTF-8"?>
<!-- Generated by org.testng.reporters.JUnitXMLReporter -->
<testsuite ignored="0" hostname="EN911705" failures="0" tests="4" name="Test annotaion before and after" time="0.037" errors="0" timestamp="2022-04-08T11:45:32 COT">
  <testcase classname="TestNG.CourseT.GroupDemoTest2" name="test3" time="0.005"/>
  <testcase classname="TestNG.CourseT.GroupDemoTest2" name="test4" time="0.001"/>
  <testcase classname="TestNG.CourseT.GroupDemoTest2" name="test1" time="0.001"/>
  <testcase classname="TestNG.CourseT.GroupDemoTest2" name="test2" time="0.002"/>
</testsuite> <!-- Test annotaion before and after -->
