<?xml version="1.0" encoding="UTF-8"?>
<!-- Generated by org.testng.reporters.JUnitXMLReporter -->
<testsuite ignored="0" hostname="EH-Host" failures="0" tests="4" name="Test annotaion before and after" time="0.061" errors="0" timestamp="2021-12-01T21:51:39 COT">
  <testcase classname="TestNG.CourseT.GroupDemoTest2" name="test3" time="0.006"/>
  <testcase classname="TestNG.CourseT.GroupDemoTest2" name="test4" time="0.002"/>
  <testcase classname="TestNG.CourseT.GroupDemoTest2" name="test1" time="0.001"/>
  <testcase classname="TestNG.CourseT.GroupDemoTest2" name="test2" time="0.001"/>
</testsuite> <!-- Test annotaion before and after -->
